# JRE version: OpenJDK Runtime Environment (11.0.31+11) (build 11.0.31+11-post-1ubuntu1-24.04.2-Ubuntu)
# Java VM: OpenJDK 64-Bit Server VM (11.0.31+11-post-1ubuntu1-24.04.2-Ubuntu, mixed mode, sharing, tiered, compressed oops, g1 gc, linux-amd64)
Heap:
 garbage-first heap   total 399360K, used 273416K [0x0000000706000000, 0x0000000800000000)
  region size 1024K, 139 young (142336K), 3 survivors (3072K)
 Metaspace       used 18868K, capacity 19521K, committed 19840K, reserved 1067008K
  class space    used 2097K, capacity 2365K, committed 2432K, reserved 1048576K
GC Heap History (20 events):
Event: 26.044 GC heap before
{Heap before GC invocations=8 (full 0):
 garbage-first heap   total 258048K, used 166608K [0x0000000706000000, 0x0000000800000000)
  region size 1024K, 117 young (119808K), 4 survivors (4096K)
 Metaspace       used 13633K, capacity 14304K, committed 14592K, reserved 1062912K
  class space    used 1447K, capacity 1695K, committed 1792K, reserved 1048576K
}
Event: 26.059 GC heap after
{Heap after GC invocations=9 (full 0):
 garbage-first heap   total 258048K, used 61653K [0x0000000706000000, 0x0000000800000000)
  region size 1024K, 15 young (15360K), 15 survivors (15360K)
 Metaspace       used 13633K, capacity 14304K, committed 14592K, reserved 1062912K
  class space    used 1447K, capacity 1695K, committed 1792K, reserved 1048576K
}
Event: 26.564 GC heap before
{Heap before GC invocations=9 (full 0):
 garbage-first heap   total 258048K, used 174293K [0x0000000706000000, 0x0000000800000000)
  region size 1024K, 125 young (128000K), 15 survivors (15360K)
 Metaspace       used 13638K, capacity 14304K, committed 14592K, reserved 1062912K
  class space    used 1447K, capacity 1695K, committed 1792K, reserved 1048576K
}
Event: 26.587 GC heap after
{Heap after GC invocations=10 (full 0):
 garbage-first heap   total 258048K, used 68942K [0x0000000706000000, 0x0000000800000000)
  region size 1024K, 8 young (8192K), 8 survivors (8192K)
 Metaspace       used 13638K, capacity 14304K, committed 14592K, reserved 1062912K
  class space    used 1447K, capacity 1695K, committed 1792K, reserved 1048576K
}
Event: 27.020 GC heap before
{Heap before GC invocations=10 (full 0):
 garbage-first heap   total 258048K, used 181582K [0x0000000706000000, 0x0000000800000000)
  region size 1024K, 118 young (120832K), 8 survivors (8192K)
 Metaspace       used 13641K, capacity 14304K, committed 14592K, reserved 1062912K
  class space    used 1447K, capacity 1695K, committed 1792K, reserved 1048576K
}
Event: 27.034 GC heap after
{Heap after GC invocations=11 (full 0):
 garbage-first heap   total 258048K, used 74344K [0x0000000706000000, 0x0000000800000000)
  region size 1024K, 13 young (13312K), 13 survivors (13312K)
 Metaspace       used 13641K, capacity 14304K, committed 14592K, reserved 1062912K
  class space    used 1447K, capacity 1695K, committed 1792K, reserved 1048576K
}
Event: 27.390 GC heap before
{Heap before GC invocations=11 (full 0):
 garbage-first heap   total 258048K, used 189032K [0x0000000706000000, 0x0000000800000000)
  region size 1024K, 125 young (128000K), 13 survivors (13312K)
 Metaspace       used 13644K, capacity 14304K, committed 14592K, reserved 1062912K
  class space    used 1447K, capacity 1695K, committed 1792K, reserved 1048576K
}
Event: 27.406 GC heap after
{Heap after GC invocations=12 (full 0):
 garbage-first heap   total 258048K, used 81014K [0x0000000706000000, 0x0000000800000000)
  region size 1024K, 13 young (13312K), 13 survivors (13312K)
 Metaspace       used 13644K, capacity 14304K, committed 14592K, reserved 1062912K
  class space    used 1447K, capacity 1695K, committed 1792K, reserved 1048576K
}
Event: 27.739 GC heap before
{Heap before GC invocations=12 (full 0):
 garbage-first heap   total 258048K, used 194678K [0x0000000706000000, 0x0000000800000000)
  region size 1024K, 124 young (126976K), 13 survivors (13312K)
 Metaspace       used 13644K, capacity 14304K, committed 14592K, reserved 1062912K
  class space    used 1447K, capacity 1695K, committed 1792K, reserved 1048576K
}
Event: 27.757 GC heap after
{Heap after GC invocations=13 (full 0):
 garbage-first heap   total 258048K, used 88030K [0x0000000706000000, 0x0000000800000000)
  region size 1024K, 14 young (14336K), 14 survivors (14336K)
 Metaspace       used 13644K, capacity 14304K, committed 14592K, reserved 1062912K
  class space    used 1447K, capacity 1695K, committed 1792K, reserved 1048576K
}
Event: 28.103 GC heap before
{Heap before GC invocations=13 (full 0):
 garbage-first heap   total 258048K, used 199646K [0x0000000706000000, 0x0000000800000000)
  region size 1024K, 123 young (125952K), 14 survivors (14336K)
 Metaspace       used 13645K, capacity 14304K, committed 14592K, reserved 1062912K
  class space    used 1447K, capacity 1695K, committed 1792K, reserved 1048576K
}
Event: 28.142 GC heap after
{Heap after GC invocations=14 (full 0):
 garbage-first heap   total 258048K, used 95253K [0x0000000706000000, 0x0000000800000000)
  region size 1024K, 14 young (14336K), 14 survivors (14336K)
 Metaspace       used 13645K, capacity 14304K, committed 14592K, reserved 1062912K
  class space    used 1447K, capacity 1695K, committed 1792K, reserved 1048576K
}
Event: 28.597 GC heap before
{Heap before GC invocations=14 (full 0):
 garbage-first heap   total 258048K, used 202773K [0x0000000706000000, 0x0000000800000000)
  region size 1024K, 119 young (121856K), 14 survivors (14336K)
 Metaspace       used 13646K, capacity 14304K, committed 14592K, reserved 1062912K
  class space    used 1447K, capacity 1695K, committed 1792K, reserved 1048576K
}
Event: 28.628 GC heap after
{Heap after GC invocations=15 (full 0):
 garbage-first heap   total 258048K, used 104094K [0x0000000706000000, 0x0000000800000000)
  region size 1024K, 15 young (15360K), 15 survivors (15360K)
 Metaspace       used 13646K, capacity 14304K, committed 14592K, reserved 1062912K
  class space    used 1447K, capacity 1695K, committed 1792K, reserved 1048576K
}
Event: 28.864 GC heap before
{Heap before GC invocations=15 (full 0):
 garbage-first heap   total 258048K, used 205470K [0x0000000706000000, 0x0000000800000000)
  region size 1024K, 114 young (116736K), 15 survivors (15360K)
 Metaspace       used 13646K, capacity 14304K, committed 14592K, reserved 1062912K
  class space    used 1447K, capacity 1695K, committed 1792K, reserved 1048576K
}
Event: 28.888 GC heap after
{Heap after GC invocations=16 (full 0):
 garbage-first heap   total 258048K, used 110439K [0x0000000706000000, 0x0000000800000000)
  region size 1024K, 7 young (7168K), 7 survivors (7168K)
 Metaspace       used 13646K, capacity 14304K, committed 14592K, reserved 1062912K
  class space    used 1447K, capacity 1695K, committed 1792K, reserved 1048576K
}
Event: 29.279 GC heap before
{Heap before GC invocations=16 (full 0):
 garbage-first heap   total 258048K, used 206695K [0x0000000706000000, 0x0000000800000000)
  region size 1024K, 101 young (103424K), 7 survivors (7168K)
 Metaspace       used 13647K, capacity 14304K, committed 14592K, reserved 1062912K
  class space    used 1447K, capacity 1695K, committed 1792K, reserved 1048576K
}
Event: 29.299 GC heap after
{Heap after GC invocations=17 (full 0):
 garbage-first heap   total 258048K, used 111718K [0x0000000706000000, 0x0000000800000000)
  region size 1024K, 8 young (8192K), 8 survivors (8192K)
 Metaspace       used 13647K, capacity 14304K, committed 14592K, reserved 1062912K
  class space    used 1447K, capacity 1695K, committed 1792K, reserved 1048576K
}
Event: 30.132 GC heap before
{Heap before GC invocations=17 (full 0):
 garbage-first heap   total 258048K, used 148582K [0x0000000706000000, 0x0000000800000000)
  region size 1024K, 36 young (36864K), 8 survivors (8192K)
 Metaspace       used 13932K, capacity 14552K, committed 14848K, reserved 1062912K
  class space    used 1485K, capacity 1735K, committed 1792K, reserved 1048576K
}
Event: 30.144 GC heap after
{Heap after GC invocations=18 (full 0):
 garbage-first heap   total 399360K, used 112648K [0x0000000706000000, 0x0000000800000000)
  region size 1024K, 3 young (3072K), 3 survivors (3072K)
 Metaspace       used 13932K, capacity 14552K, committed 14848K, reserved 1062912K
  class space    used 1485K, capacity 1735K, committed 1792K, reserved 1048576K
}

